2025-08-01 21:09:48,512 [INFO] Activator:176 - 


2025-08-01 21:09:48,517 [INFO] Activator:177 - !SESSION log4j initialized
2025-08-01 21:09:53,854 [INFO] LogOutputStream:77 - [STDOUT_REDIRECT] 
2025-08-01 21:09:54,778 [INFO] ApplicationProperties:184 - Using Application install path: /opt/st/stm32cubeide_1.19.0/plugins/com.st.stm32cube.common.mx_6.15.0.202507011659
2025-08-01 21:09:54,797 [INFO] DbMcusXml:78 - Set database path to: /opt/st/stm32cubeide_1.19.0/plugins/com.st.stm32cube.common.mx_6.15.0.202507011659//db//mcu/
2025-08-01 21:09:54,797 [INFO] ApiDb:274 - Set plugin database path to: /opt/st/stm32cubeide_1.19.0/plugins/com.st.stm32cube.common.mx_6.15.0.202507011659//db//plugins/boardmanager/
2025-08-01 21:09:54,797 [WARN] ApiDb:259 - Overriding images path with different value:  => /opt/st/stm32cubeide_1.19.0/plugins/com.st.stm32cube.common.mx_6.15.0.202507011659//db//plugins/mcufinder/images/
2025-08-01 21:09:54,806 [INFO] ApiDb:250 - Set database path to: /home/chariss/.stmcufinder/plugins/mcufinder//mcu/
2025-08-01 21:09:54,808 [INFO] DbMcusAds:125 - Set database path to: /home/chariss/.stmcufinder/plugins/mcufinder//mcu/
2025-08-01 21:09:54,810 [INFO] CrossReferenceDbSqlite:203 - Set database path to: /home/chariss/.stmcufinder/plugins/mcufinder//mcu/cs/
2025-08-01 21:09:54,950 [INFO] RulesReader:64 - Compatibility file has been processed (317 Rules)
2025-08-01 21:09:55,053 [INFO] DbMcusXml:78 - Set database path to: /opt/st/stm32cubeide_1.19.0/plugins/com.st.stm32cube.common.mx_6.15.0.202507011659//db//mcu/
2025-08-01 21:09:55,053 [INFO] ApiDb:274 - Set plugin database path to: /opt/st/stm32cubeide_1.19.0/plugins/com.st.stm32cube.common.mx_6.15.0.202507011659//db//plugins/boardmanager/
2025-08-01 21:09:55,053 [INFO] ApiDb:261 - Set plugin images path to: /opt/st/stm32cubeide_1.19.0/plugins/com.st.stm32cube.common.mx_6.15.0.202507011659//db//plugins/mcufinder/images/
2025-08-01 21:09:55,053 [WARN] DbFile:41 - Overriding database path with different value: /home/chariss/.stmcufinder/plugins/mcufinder/ => /home/chariss/.stmcufinder/plugins/mcufinder
2025-08-01 21:09:55,053 [INFO] ApiDb:250 - Set database path to: /home/chariss/.stmcufinder/plugins/mcufinder//mcu/
2025-08-01 21:09:55,053 [WARN] DbFile:41 - Overriding database path with different value: /home/chariss/.stmcufinder/plugins/mcufinder/ => /home/chariss/.stmcufinder/plugins/mcufinder
2025-08-01 21:09:55,054 [INFO] DbMcusAds:125 - Set database path to: /home/chariss/.stmcufinder/plugins/mcufinder//mcu/
2025-08-01 21:09:55,054 [WARN] DbFile:41 - Overriding database path with different value: /home/chariss/.stmcufinder/plugins/mcufinder/ => /home/chariss/.stmcufinder/plugins/mcufinder
2025-08-01 21:09:55,054 [WARN] DbFile:41 - Overriding database path with different value: /home/chariss/.stmcufinder/plugins/mcufinder/ => /home/chariss/.stmcufinder/plugins/mcufinder
2025-08-01 21:09:55,054 [INFO] CrossReferenceDbSqlite:203 - Set database path to: /home/chariss/.stmcufinder/plugins/mcufinder//mcu/cs/
2025-08-01 21:09:55,126 [INFO] MainPanel:274 - HeapMemory: 268435456
2025-08-01 21:09:55,278 [INFO] DbMcusXml:78 - Set database path to: /opt/st/stm32cubeide_1.19.0/plugins/com.st.stm32cube.common.mx_6.15.0.202507011659//db//mcu/
2025-08-01 21:09:55,278 [INFO] ApiDb:274 - Set plugin database path to: /opt/st/stm32cubeide_1.19.0/plugins/com.st.stm32cube.common.mx_6.15.0.202507011659//db//plugins/boardmanager/
2025-08-01 21:09:55,278 [INFO] ApiDb:261 - Set plugin images path to: /opt/st/stm32cubeide_1.19.0/plugins/com.st.stm32cube.common.mx_6.15.0.202507011659//db//plugins/mcufinder/images/
2025-08-01 21:09:55,279 [WARN] DbFile:41 - Overriding database path with different value: /home/chariss/.stmcufinder/plugins/mcufinder/ => /home/chariss/.stmcufinder/plugins/mcufinder
2025-08-01 21:09:55,279 [INFO] ApiDb:250 - Set database path to: /home/chariss/.stmcufinder/plugins/mcufinder//mcu/
2025-08-01 21:09:55,279 [WARN] DbFile:41 - Overriding database path with different value: /home/chariss/.stmcufinder/plugins/mcufinder/ => /home/chariss/.stmcufinder/plugins/mcufinder
2025-08-01 21:09:55,279 [INFO] DbMcusAds:125 - Set database path to: /home/chariss/.stmcufinder/plugins/mcufinder//mcu/
2025-08-01 21:09:55,279 [WARN] DbFile:41 - Overriding database path with different value: /home/chariss/.stmcufinder/plugins/mcufinder/ => /home/chariss/.stmcufinder/plugins/mcufinder
2025-08-01 21:09:55,279 [WARN] DbFile:41 - Overriding database path with different value: /home/chariss/.stmcufinder/plugins/mcufinder/ => /home/chariss/.stmcufinder/plugins/mcufinder
2025-08-01 21:09:55,279 [INFO] CrossReferenceDbSqlite:203 - Set database path to: /home/chariss/.stmcufinder/plugins/mcufinder//mcu/cs/
2025-08-01 21:09:55,296 [INFO] ApplicationProperties:184 - Using Application install path: /opt/st/stm32cubeide_1.19.0/plugins/com.st.stm32cube.common.mx_6.15.0.202507011659
2025-08-01 21:09:55,298 [INFO] PluginManage:196 - Search for loadable plugins [exclusion list=, ]
2025-08-01 21:09:55,299 [INFO] PluginManage:310 - Check plugin analytics
2025-08-01 21:09:55,478 [INFO] AnalyticsPlugin:253 - Accepted Software Licenses: 
2025-08-01 21:09:55,479 [INFO] AnalyticsPlugin:255 - Accepted CMSIS Pack Licenses: 
2025-08-01 21:09:55,479 [INFO] AnalyticsPlugin:257 - Accepted Firmware Licenses: 
2025-08-01 21:09:55,482 [INFO] PluginManage:359 - Loaded plugin analytics (category:tool,tabindex:-1)
2025-08-01 21:09:55,483 [INFO] PluginManage:310 - Check plugin cadmodel
2025-08-01 21:09:55,488 [INFO] CADModel:105 - Init CAD model plugin
2025-08-01 21:09:55,488 [INFO] PluginManage:359 - Loaded plugin cadmodel (category:power,tabindex:5)
2025-08-01 21:09:55,488 [INFO] PluginManage:310 - Check plugin clock
2025-08-01 21:09:55,499 [INFO] PluginManage:359 - Loaded plugin clock (category:base,tabindex:2)
2025-08-01 21:09:55,500 [INFO] PluginManage:310 - Check plugin ddr
2025-08-01 21:09:55,502 [INFO] PluginManage:359 - Loaded plugin ddr (category:tool,tabindex:6)
2025-08-01 21:09:55,502 [INFO] PluginManage:310 - Check plugin filemanager
2025-08-01 21:09:55,646 [INFO] PluginManage:359 - Loaded plugin filemanager (category:base,tabindex:10)
2025-08-01 21:09:55,646 [INFO] PluginManage:310 - Check plugin ipmanager
2025-08-01 21:09:55,652 [INFO] PluginManage:359 - Loaded plugin ipmanager (category:base,tabindex:5)
2025-08-01 21:09:55,652 [INFO] PluginManage:310 - Check plugin lpbam
2025-08-01 21:09:55,661 [INFO] PluginManage:359 - Loaded plugin lpbam (category:base,tabindex:0)
2025-08-01 21:09:55,661 [INFO] PluginManage:310 - Check plugin memorymap
2025-08-01 21:09:55,674 [INFO] PluginManage:359 - Loaded plugin memorymap (category:base,tabindex:4)
2025-08-01 21:09:55,674 [INFO] PluginManage:310 - Check plugin pinoutandconfiguration
2025-08-01 21:09:55,685 [INFO] PluginManage:359 - Loaded plugin pinoutandconfiguration (category:base,tabindex:1)
2025-08-01 21:09:55,685 [INFO] PluginManage:310 - Check plugin pinoutconfig
2025-08-01 21:09:55,777 [WARN] SupportedApi:132 - Cannot load RTOS API schema: s4s-elt-must-match.1: The content of 'definitions' must match (annotation?, (simpleType | complexType)?, (unique | key | keyref)*)). A problem was found starting at: attribute.
2025-08-01 21:09:55,906 [INFO] PluginManage:359 - Loaded plugin pinoutconfig (category:base,tabindex:0)
2025-08-01 21:09:55,907 [INFO] PluginManage:310 - Check plugin power
2025-08-01 21:09:55,918 [INFO] PluginManage:359 - Loaded plugin power (category:power,tabindex:4)
2025-08-01 21:09:55,918 [INFO] PluginManage:310 - Check plugin projectmanager
2025-08-01 21:09:55,935 [INFO] PluginManage:359 - Loaded plugin projectmanager (category:projectmanager,tabindex:4)
2025-08-01 21:09:55,935 [INFO] PluginManage:310 - Check plugin rif
2025-08-01 21:09:55,945 [INFO] PluginManage:359 - Loaded plugin rif (category:base,tabindex:3)
2025-08-01 21:09:55,946 [INFO] PluginManage:310 - Check plugin thirdparty
2025-08-01 21:09:56,069 [WARN] IntegrityCheckThread:84 - waiting for thirdparty lock release [integrity check]
2025-08-01 21:09:56,070 [INFO] PluginManage:359 - Loaded plugin thirdparty (category:base,tabindex:-1)
2025-08-01 21:09:56,070 [INFO] IntegrityCheckThread:86 - entering critical section [integrity check]
2025-08-01 21:09:56,070 [INFO] PluginManage:310 - Check plugin tools
2025-08-01 21:09:56,070 [INFO] ThirdPartyUpdaterWithRetryManager:70 - Updater plugin not ready yet. [1/15]
2025-08-01 21:09:56,072 [INFO] PluginManage:359 - Loaded plugin tools (category:base,tabindex:7)
2025-08-01 21:09:56,072 [INFO] PluginManage:310 - Check plugin tutovideos
2025-08-01 21:09:56,271 [INFO] PluginManage:359 - Loaded plugin tutovideos (category:base,tabindex:-1)
2025-08-01 21:09:56,271 [INFO] PluginManage:310 - Check plugin updater
2025-08-01 21:09:56,297 [INFO] PluginManage:359 - Loaded plugin updater (category:base,tabindex:12)
2025-08-01 21:09:56,297 [INFO] PluginManage:310 - Check plugin userauth
2025-08-01 21:09:56,302 [INFO] UserAuth:118 - Init User Auth plugin
2025-08-01 21:09:56,303 [INFO] PluginManage:359 - Loaded plugin userauth (category:base,tabindex:14)
2025-08-01 21:09:56,304 [INFO] PluginManage:283 - PluginManage : Loaded plugins [18]
2025-08-01 21:09:56,504 [INFO] PinOutPanel:1589 - setPackage(No Configuration,No Configuration)
2025-08-01 21:09:56,603 [INFO] CADModel:165 - CPN selected for project level
2025-08-01 21:09:56,603 [INFO] CADModel:114 - Register for checkConnection events
2025-08-01 21:09:56,621 [INFO] IPUIPlugin:80 - create IPUIPlugin
2025-08-01 21:09:56,622 [INFO] PluginManager:220 - loadIPPluginJar : add lorawan
2025-08-01 21:09:56,623 [INFO] IPUIPlugin:80 - create IPUIPlugin
2025-08-01 21:09:56,623 [INFO] PluginManager:220 - loadIPPluginJar : add quadspi
2025-08-01 21:09:56,627 [INFO] IPUIPlugin:80 - create IPUIPlugin
2025-08-01 21:09:56,628 [INFO] PluginManager:220 - loadIPPluginJar : add cryp
2025-08-01 21:09:56,635 [INFO] IPUIPlugin:80 - create IPUIPlugin
2025-08-01 21:09:56,635 [INFO] PluginManager:220 - loadIPPluginJar : add freertos
2025-08-01 21:09:56,637 [INFO] IPUIPlugin:80 - create IPUIPlugin
2025-08-01 21:09:56,637 [INFO] PluginManager:220 - loadIPPluginJar : add ts
2025-08-01 21:09:56,640 [INFO] IPUIPlugin:80 - create IPUIPlugin
2025-08-01 21:09:56,640 [INFO] PluginManager:220 - loadIPPluginJar : add usart
2025-08-01 21:09:56,645 [INFO] IPUIPlugin:80 - create IPUIPlugin
2025-08-01 21:09:56,645 [INFO] PluginManager:220 - loadIPPluginJar : add opamp
2025-08-01 21:09:56,650 [INFO] IPUIPlugin:80 - create IPUIPlugin
2025-08-01 21:09:56,651 [INFO] PluginManager:220 - loadIPPluginJar : add nvic
2025-08-01 21:09:56,658 [INFO] IPUIPlugin:80 - create IPUIPlugin
2025-08-01 21:09:56,658 [INFO] PluginManager:220 - loadIPPluginJar : add stm32_wpan
2025-08-01 21:09:56,661 [INFO] IPUIPlugin:80 - create IPUIPlugin
2025-08-01 21:09:56,661 [INFO] PluginManager:220 - loadIPPluginJar : add ucpd
2025-08-01 21:09:56,668 [INFO] IPUIPlugin:80 - create IPUIPlugin
2025-08-01 21:09:56,668 [INFO] PluginManager:220 - loadIPPluginJar : add gic
2025-08-01 21:09:56,671 [INFO] IPUIPlugin:80 - create IPUIPlugin
2025-08-01 21:09:56,671 [INFO] PluginManager:220 - loadIPPluginJar : add can
2025-08-01 21:09:56,674 [INFO] IPUIPlugin:80 - create IPUIPlugin
2025-08-01 21:09:56,674 [INFO] PluginManager:220 - loadIPPluginJar : add openamp
2025-08-01 21:09:56,676 [INFO] IPUIPlugin:80 - create IPUIPlugin
2025-08-01 21:09:56,676 [INFO] PluginManager:220 - loadIPPluginJar : add spi
2025-08-01 21:09:56,685 [INFO] IPUIPlugin:80 - create IPUIPlugin
2025-08-01 21:09:56,685 [INFO] PluginManager:220 - loadIPPluginJar : add linkedlist
2025-08-01 21:09:56,698 [INFO] IPUIPlugin:80 - create IPUIPlugin
2025-08-01 21:09:56,698 [INFO] PluginManager:220 - loadIPPluginJar : add i2c
2025-08-01 21:09:56,700 [INFO] IPUIPlugin:80 - create IPUIPlugin
2025-08-01 21:09:56,700 [INFO] PluginManager:220 - loadIPPluginJar : add tsc
2025-08-01 21:09:56,705 [INFO] IPUIPlugin:80 - create IPUIPlugin
2025-08-01 21:09:56,706 [INFO] PluginManager:220 - loadIPPluginJar : add fmc
2025-08-01 21:09:56,708 [INFO] IPUIPlugin:80 - create IPUIPlugin
2025-08-01 21:09:56,708 [INFO] PluginManager:220 - loadIPPluginJar : add aes
2025-08-01 21:09:56,710 [INFO] IPUIPlugin:80 - create IPUIPlugin
2025-08-01 21:09:56,711 [INFO] PluginManager:220 - loadIPPluginJar : add dma3
2025-08-01 21:09:56,715 [INFO] IPUIPlugin:80 - create IPUIPlugin
2025-08-01 21:09:56,716 [INFO] PluginManager:220 - loadIPPluginJar : add usbx
2025-08-01 21:09:56,724 [INFO] IPUIPlugin:80 - create IPUIPlugin
2025-08-01 21:09:56,726 [INFO] PluginManager:220 - loadIPPluginJar : add plateformsettings
2025-08-01 21:09:56,730 [INFO] IPUIPlugin:80 - create IPUIPlugin
2025-08-01 21:09:56,731 [INFO] PluginManager:220 - loadIPPluginJar : add dfsdm
2025-08-01 21:09:56,733 [INFO] IPUIPlugin:80 - create IPUIPlugin
2025-08-01 21:09:56,734 [INFO] PluginManager:220 - loadIPPluginJar : add tim
2025-08-01 21:09:56,738 [INFO] IPUIPlugin:80 - create IPUIPlugin
2025-08-01 21:09:56,738 [INFO] PluginManager:220 - loadIPPluginJar : add sai
2025-08-01 21:09:56,741 [INFO] IPUIPlugin:80 - create IPUIPlugin
2025-08-01 21:09:56,742 [INFO] PluginManager:220 - loadIPPluginJar : add pdm2pcm
2025-08-01 21:09:56,747 [INFO] IPUIPlugin:80 - create IPUIPlugin
2025-08-01 21:09:56,747 [INFO] PluginManager:220 - loadIPPluginJar : add touchsensing
2025-08-01 21:09:56,755 [INFO] IPUIPlugin:80 - create IPUIPlugin
2025-08-01 21:09:56,756 [INFO] PluginManager:220 - loadIPPluginJar : add mdma
2025-08-01 21:09:56,759 [INFO] IPUIPlugin:80 - create IPUIPlugin
2025-08-01 21:09:56,759 [INFO] PluginManager:220 - loadIPPluginJar : add i2s
2025-08-01 21:09:56,762 [INFO] IPUIPlugin:80 - create IPUIPlugin
2025-08-01 21:09:56,762 [INFO] PluginManager:220 - loadIPPluginJar : add tracer_emb
2025-08-01 21:09:56,764 [INFO] IPUIPlugin:80 - create IPUIPlugin
2025-08-01 21:09:56,764 [INFO] PluginManager:220 - loadIPPluginJar : add genericplugin
2025-08-01 21:09:56,766 [INFO] IPUIPlugin:80 - create IPUIPlugin
2025-08-01 21:09:56,767 [INFO] PluginManager:220 - loadIPPluginJar : add radio
2025-08-01 21:09:56,771 [INFO] IPUIPlugin:80 - create IPUIPlugin
2025-08-01 21:09:56,771 [INFO] PluginManager:220 - loadIPPluginJar : add i3c
2025-08-01 21:09:56,774 [INFO] IPUIPlugin:80 - create IPUIPlugin
2025-08-01 21:09:56,774 [INFO] PluginManager:220 - loadIPPluginJar : add ipddr
2025-08-01 21:09:56,780 [INFO] IPUIPlugin:80 - create IPUIPlugin
2025-08-01 21:09:56,780 [INFO] PluginManager:220 - loadIPPluginJar : add gpio
2025-08-01 21:09:56,783 [INFO] IPUIPlugin:80 - create IPUIPlugin
2025-08-01 21:09:56,783 [INFO] PluginManager:220 - loadIPPluginJar : add gfxmmu
2025-08-01 21:09:56,791 [INFO] IPUIPlugin:80 - create IPUIPlugin
2025-08-01 21:09:56,791 [INFO] PluginManager:220 - loadIPPluginJar : add adc
2025-08-01 21:09:56,795 [INFO] IPUIPlugin:80 - create IPUIPlugin
2025-08-01 21:09:56,795 [INFO] PluginManager:220 - loadIPPluginJar : add extmemmanager
2025-08-01 21:09:56,797 [INFO] IPUIPlugin:80 - create IPUIPlugin
2025-08-01 21:09:56,797 [INFO] PluginManager:220 - loadIPPluginJar : add hash
2025-08-01 21:09:56,805 [INFO] IPUIPlugin:80 - create IPUIPlugin
2025-08-01 21:09:56,805 [INFO] PluginManager:220 - loadIPPluginJar : add dma
2025-08-01 21:09:56,808 [INFO] IPUIPlugin:80 - create IPUIPlugin
2025-08-01 21:09:56,808 [INFO] PluginManager:220 - loadIPPluginJar : add gtzc
2025-08-01 21:09:56,810 [INFO] IPUIPlugin:80 - create IPUIPlugin
2025-08-01 21:09:56,810 [INFO] PluginManager:220 - loadIPPluginJar : add comp
2025-08-01 21:09:56,812 [INFO] IPUIPlugin:80 - create IPUIPlugin
2025-08-01 21:09:56,812 [INFO] PluginManager:220 - loadIPPluginJar : add fatfs
2025-08-01 21:09:56,817 [INFO] IPUIPlugin:80 - create IPUIPlugin
2025-08-01 21:09:56,817 [INFO] PluginManager:220 - loadIPPluginJar : add ddr_ctrl_phy
2025-08-01 21:09:56,819 [INFO] IPUIPlugin:80 - create IPUIPlugin
2025-08-01 21:09:56,819 [INFO] PluginManager:220 - loadIPPluginJar : add ltdc
2025-08-01 21:09:56,823 [INFO] IPUIPlugin:80 - create IPUIPlugin
2025-08-01 21:09:56,824 [INFO] PluginManager:220 - loadIPPluginJar : add resmgrutility
2025-08-01 21:09:56,935 [FATAL] Updater:351 - Updater called before beeing initialized
2025-08-01 21:09:56,980 [INFO] RulesReader:64 - Compatibility file has been processed (317 Rules)
2025-08-01 21:09:56,999 [INFO] RulesReader:64 - Compatibility file has been processed (317 Rules)
2025-08-01 21:09:57,010 [INFO] CADModel:165 - CPN selected for project level
2025-08-01 21:09:57,010 [INFO] CADModel:114 - Register for checkConnection events
2025-08-01 21:09:57,010 [FATAL] Updater:351 - Updater called before beeing initialized
2025-08-01 21:09:57,010 [ERROR] CADModel:125 - Updater not yet initialized, retry later 
2025-08-01 21:09:57,172 [FATAL] Updater:351 - Updater called before beeing initialized
2025-08-01 21:09:57,174 [INFO] CADModel:165 - CPN selected for project level
2025-08-01 21:09:57,174 [INFO] CADModel:114 - Register for checkConnection events
2025-08-01 21:09:57,174 [FATAL] Updater:351 - Updater called before beeing initialized
2025-08-01 21:09:57,174 [ERROR] CADModel:125 - Updater not yet initialized, retry later 
2025-08-01 21:09:57,178 [FATAL] Updater:351 - Updater called before beeing initialized
2025-08-01 21:09:57,274 [FATAL] Updater:351 - Updater called before beeing initialized
2025-08-01 21:09:57,278 [INFO] DbMcusAds:53 - JSON generation date=Tue Jul 08 11:14:23 EAT 2025 (1751962463562)
2025-08-01 21:09:57,279 [FATAL] Updater:351 - Updater called before beeing initialized
2025-08-01 21:09:57,327 [WARN] DetailPanel:346 - Failed to get advertising image, set to default
2025-08-01 21:09:57,414 [FATAL] Updater:351 - Updater called before beeing initialized
2025-08-01 21:09:57,416 [FATAL] Updater:351 - Updater called before beeing initialized
2025-08-01 21:09:57,417 [FATAL] Updater:351 - Updater called before beeing initialized
2025-08-01 21:09:57,417 [WARN] DetailPanel:346 - Failed to get advertising image, set to default
2025-08-01 21:09:57,418 [FATAL] Updater:351 - Updater called before beeing initialized
2025-08-01 21:09:57,460 [ERROR] Updater:1198 - MainUpdater not yet initialized. External WinMGr cannot be set.
2025-08-01 21:09:57,462 [INFO] Updater:1134 - Updater Version found : 6.15.0
2025-08-01 21:09:57,489 [INFO] ApplicationProperties:184 - Using Application install path: /opt/st/stm32cubeide_1.19.0/plugins/com.st.stm32cube.common.mx_6.15.0.202507011659
2025-08-01 21:09:58,502 [INFO] MainUpdater:2872 - connection check result : 10
2025-08-01 21:09:58,506 [INFO] MainUpdater:3604 - Updater definition file requires update
2025-08-01 21:09:58,507 [INFO] MainUpdater:289 - Updater Check For Update Now.
2025-08-01 21:09:58,507 [INFO] MicroXplorer:498 - Change Database Version : DB.6.0.150
2025-08-01 21:09:58,512 [INFO] McuFinderGlobals:63 - Set McuFinder mode to 2 (CubeIDE integrated)
2025-08-01 21:09:58,512 [INFO] UserAuth:171 - activating auth plugin
2025-08-01 21:09:58,515 [INFO] UserAuth:487 - Internet connection configuration mode: 1
2025-08-01 21:09:58,536 [INFO] JxBrowserEngine:152 - Initiate JxBrowser Engine with user profile folder
2025-08-01 21:09:58,888 [INFO] ServerAccessManage:452 - Complete download http(s) 200
2025-08-01 21:09:58,889 [INFO] ServerAccessManage:509 - Download File updaters.zip
2025-08-01 21:09:59,070 [WARN] MainUpdater:1193 - Updater busy. Cannot search thirdparties
2025-08-01 21:09:59,071 [INFO] ThirdPartyUpdaterWithRetryManager:96 - Updater plugin is busy. [1/15]
2025-08-01 21:09:59,533 [INFO] FileExtend:248 - Unzip File : updaters.zip
2025-08-01 21:09:59,533 [INFO] FileExtend:263 - Standard Zip Deflate
2025-08-01 21:10:00,042 [INFO] ServerAccessManage:452 - Complete download http(s) 200
2025-08-01 21:10:00,043 [INFO] ServerAccessManage:509 - Download File PacksControlFlags.xml
2025-08-01 21:10:00,497 [INFO] WebApp:169 - Instantiating new browser for Auth
2025-08-01 21:10:00,600 [INFO] ServerAccessManage:452 - Complete download http(s) 200
2025-08-01 21:10:00,601 [INFO] ServerAccessManage:509 - Download File cubemx.pidx
2025-08-01 21:10:01,677 [INFO] ServerAccessManage:452 - Complete download http(s) 200
2025-08-01 21:10:01,678 [INFO] ServerAccessManage:509 - Download File STMicroelectronics.FP-SNS-STBOX1.pdsc
2025-08-01 21:10:01,778 [INFO] WebApp:463 - Apply proxy settings
2025-08-01 21:10:01,779 [INFO] WebApp:548 - Chromium requires no authentication
2025-08-01 21:10:01,788 [INFO] WebApp:491 - Direct internet connection detected
2025-08-01 21:10:01,814 [INFO] WebApp:900 - Register for checkConnection events
2025-08-01 21:10:01,814 [INFO] WebApp:463 - Apply proxy settings
2025-08-01 21:10:01,814 [INFO] WebApp:548 - Chromium requires no authentication
2025-08-01 21:10:01,815 [INFO] WebApp:491 - Direct internet connection detected
2025-08-01 21:10:02,071 [WARN] MainUpdater:1193 - Updater busy. Cannot search thirdparties
2025-08-01 21:10:02,071 [INFO] ThirdPartyUpdaterWithRetryManager:96 - Updater plugin is busy. [2/15]
2025-08-01 21:10:02,081 [INFO] WebApp:225 - Starting web application
2025-08-01 21:10:02,082 [INFO] WebApp:593 - Web application path used /opt/st/stm32cubeide_1.19.0/plugins/com.st.stm32cube.common.mx_6.15.0.202507011659/db/plugins/mcufinder/reactClient1/index.html
2025-08-01 21:10:02,327 [INFO] WebApp:191 - Connection restablished
2025-08-01 21:10:03,425 [INFO] ServerAccessManage:452 - Complete download http(s) 200
2025-08-01 21:10:03,425 [INFO] ServerAccessManage:509 - Download File STMicroelectronics.X-CUBE-AI.pdsc
2025-08-01 21:10:05,072 [WARN] MainUpdater:1193 - Updater busy. Cannot search thirdparties
2025-08-01 21:10:05,073 [INFO] ThirdPartyUpdaterWithRetryManager:96 - Updater plugin is busy. [3/15]
2025-08-01 21:10:08,074 [WARN] MainUpdater:1193 - Updater busy. Cannot search thirdparties
2025-08-01 21:10:08,074 [INFO] ThirdPartyUpdaterWithRetryManager:96 - Updater plugin is busy. [4/15]
2025-08-01 21:10:11,075 [WARN] MainUpdater:1193 - Updater busy. Cannot search thirdparties
2025-08-01 21:10:11,075 [INFO] ThirdPartyUpdaterWithRetryManager:96 - Updater plugin is busy. [5/15]
2025-08-01 21:10:14,076 [WARN] MainUpdater:1193 - Updater busy. Cannot search thirdparties
2025-08-01 21:10:14,077 [INFO] ThirdPartyUpdaterWithRetryManager:96 - Updater plugin is busy. [6/15]
2025-08-01 21:10:14,802 [INFO] ServerAccessManage:452 - Complete download http(s) 200
2025-08-01 21:10:14,803 [INFO] ServerAccessManage:509 - Download File STMicroelectronics.X-CUBE-ALS.pdsc
2025-08-01 21:10:17,077 [WARN] MainUpdater:1193 - Updater busy. Cannot search thirdparties
2025-08-01 21:10:17,078 [INFO] ThirdPartyUpdaterWithRetryManager:96 - Updater plugin is busy. [7/15]
2025-08-01 21:10:19,545 [INFO] ServerAccessManage:452 - Complete download http(s) 200
2025-08-01 21:10:19,546 [INFO] ServerAccessManage:509 - Download File STMicroelectronics.X-CUBE-BLE1.pdsc
2025-08-01 21:10:20,079 [WARN] MainUpdater:1193 - Updater busy. Cannot search thirdparties
2025-08-01 21:10:20,080 [INFO] ThirdPartyUpdaterWithRetryManager:96 - Updater plugin is busy. [8/15]
2025-08-01 21:10:23,080 [WARN] MainUpdater:1193 - Updater busy. Cannot search thirdparties
2025-08-01 21:10:23,081 [INFO] ThirdPartyUpdaterWithRetryManager:96 - Updater plugin is busy. [9/15]
2025-08-01 21:10:26,082 [WARN] MainUpdater:1193 - Updater busy. Cannot search thirdparties
2025-08-01 21:10:26,082 [INFO] ThirdPartyUpdaterWithRetryManager:96 - Updater plugin is busy. [10/15]
2025-08-01 21:10:29,083 [WARN] MainUpdater:1193 - Updater busy. Cannot search thirdparties
2025-08-01 21:10:29,084 [INFO] ThirdPartyUpdaterWithRetryManager:96 - Updater plugin is busy. [11/15]
2025-08-01 21:10:32,084 [WARN] MainUpdater:1193 - Updater busy. Cannot search thirdparties
2025-08-01 21:10:32,085 [INFO] ThirdPartyUpdaterWithRetryManager:96 - Updater plugin is busy. [12/15]
2025-08-01 21:10:35,086 [WARN] MainUpdater:1193 - Updater busy. Cannot search thirdparties
2025-08-01 21:10:35,087 [INFO] ThirdPartyUpdaterWithRetryManager:96 - Updater plugin is busy. [13/15]
2025-08-01 21:10:36,035 [ERROR] ServerAccessManage:1212 - Problem, file not found on Server
2025-08-01 21:10:37,103 [INFO] ServerAccessManage:452 - Complete download http(s) 200
2025-08-01 21:10:37,103 [INFO] ServerAccessManage:509 - Download File STMicroelectronics.X-CUBE-BLE2.pdsc
2025-08-01 21:10:38,087 [WARN] MainUpdater:1193 - Updater busy. Cannot search thirdparties
2025-08-01 21:10:38,088 [INFO] ThirdPartyUpdaterWithRetryManager:96 - Updater plugin is busy. [14/15]
2025-08-01 21:10:41,088 [WARN] MainUpdater:1193 - Updater busy. Cannot search thirdparties
2025-08-01 21:10:41,089 [INFO] ThirdPartyUpdaterWithRetryManager:96 - Updater plugin is busy. [15/15]
2025-08-01 21:10:41,090 [ERROR] IntegrityCheckThread:130 - Cannot retrieve database content from updater: error -1
2025-08-01 21:10:41,091 [INFO] ThirdParty:978 - Integrity check success = false
2025-08-01 21:10:41,091 [INFO] IntegrityCheckThread:100 - exiting critical section [integrity check]
2025-08-01 21:10:41,091 [INFO] IntegrityCheckThread:103 - End integrity checks thread
2025-08-01 21:10:47,517 [INFO] ServerAccessManage:452 - Complete download http(s) 200
2025-08-01 21:10:47,517 [INFO] ServerAccessManage:509 - Download File STMicroelectronics.X-CUBE-BLEMGR.pdsc
2025-08-01 21:10:50,735 [ERROR] ServerAccessManage:1212 - Problem, file not found on Server
2025-08-01 21:10:59,483 [INFO] ServerAccessManage:452 - Complete download http(s) 200
2025-08-01 21:10:59,484 [INFO] ServerAccessManage:509 - Download File STMicroelectronics.X-CUBE-DISPLAY.pdsc
2025-08-01 21:11:07,374 [INFO] ServerAccessManage:452 - Complete download http(s) 200
2025-08-01 21:11:07,375 [INFO] ServerAccessManage:509 - Download File STMicroelectronics.X-CUBE-DPOWER.pdsc
2025-08-01 21:11:11,396 [ERROR] ServerAccessManage:1212 - Problem, file not found on Server
2025-08-01 21:11:12,714 [ERROR] ServerAccessManage:1212 - Problem, file not found on Server
2025-08-01 21:11:13,942 [ERROR] ServerAccessManage:1212 - Problem, file not found on Server
2025-08-01 21:11:15,032 [ERROR] ServerAccessManage:1212 - Problem, file not found on Server
2025-08-01 21:11:16,078 [ERROR] ServerAccessManage:1212 - Problem, file not found on Server
2025-08-01 21:11:16,749 [ERROR] ServerAccessManage:1212 - Problem, file not found on Server
2025-08-01 21:11:17,813 [ERROR] ServerAccessManage:1212 - Problem, file not found on Server
2025-08-01 21:11:18,898 [ERROR] ServerAccessManage:1212 - Problem, file not found on Server
2025-08-01 21:11:19,951 [ERROR] ServerAccessManage:1212 - Problem, file not found on Server
2025-08-01 21:11:20,981 [ERROR] ServerAccessManage:1212 - Problem, file not found on Server
2025-08-01 21:11:21,993 [ERROR] ServerAccessManage:1212 - Problem, file not found on Server
2025-08-01 21:11:22,682 [INFO] ServerAccessManage:452 - Complete download http(s) 200
2025-08-01 21:11:22,683 [INFO] ServerAccessManage:509 - Download File STMicroelectronics.X-CUBE-EEPRMA1.pdsc
2025-08-01 21:11:26,042 [ERROR] ServerAccessManage:1212 - Problem, file not found on Server
2025-08-01 21:11:29,628 [ERROR] ServerAccessManage:1212 - Problem, file not found on Server
2025-08-01 21:11:34,418 [INFO] ServerAccessManage:452 - Complete download http(s) 200
2025-08-01 21:11:34,419 [INFO] ServerAccessManage:509 - Download File STMicroelectronics.X-CUBE-FREERTOS.pdsc
2025-08-01 21:11:39,535 [INFO] ServerAccessManage:452 - Complete download http(s) 200
2025-08-01 21:11:39,535 [INFO] ServerAccessManage:509 - Download File STMicroelectronics.X-CUBE-GNSS1.pdsc
2025-08-01 21:11:51,283 [ERROR] ServerAccessManage:1212 - Problem, file not found on Server
2025-08-01 21:11:52,400 [ERROR] ServerAccessManage:1212 - Problem, file not found on Server
2025-08-01 21:11:53,487 [ERROR] ServerAccessManage:1212 - Problem, file not found on Server
2025-08-01 21:11:54,547 [ERROR] ServerAccessManage:1212 - Problem, file not found on Server
2025-08-01 21:11:55,581 [ERROR] ServerAccessManage:1212 - Problem, file not found on Server
2025-08-01 21:11:56,725 [ERROR] ServerAccessManage:1212 - Problem, file not found on Server
2025-08-01 21:11:57,799 [INFO] ServerAccessManage:452 - Complete download http(s) 200
2025-08-01 21:11:57,799 [INFO] ServerAccessManage:509 - Download File STMicroelectronics.X-CUBE-ISPU.pdsc
2025-08-01 21:12:02,700 [INFO] ServerAccessManage:452 - Complete download http(s) 200
2025-08-01 21:12:02,700 [INFO] ServerAccessManage:509 - Download File STMicroelectronics.X-CUBE-IPS.pdsc
2025-08-01 21:12:06,432 [INFO] ServerAccessManage:452 - Complete download http(s) 200
2025-08-01 21:12:06,433 [INFO] ServerAccessManage:509 - Download File STMicroelectronics.X-CUBE-MEMS1.pdsc
2025-08-01 21:12:37,982 [INFO] ServerAccessManage:452 - Complete download http(s) 200
2025-08-01 21:12:37,983 [INFO] ServerAccessManage:509 - Download File STMicroelectronics.X-CUBE-NFC4.pdsc
2025-08-01 21:12:53,511 [INFO] ServerAccessManage:452 - Complete download http(s) 200
2025-08-01 21:12:53,512 [INFO] ServerAccessManage:509 - Download File STMicroelectronics.X-CUBE-NFC6.pdsc
2025-08-01 21:12:57,179 [INFO] ServerAccessManage:452 - Complete download http(s) 200
2025-08-01 21:12:57,180 [INFO] ServerAccessManage:509 - Download File STMicroelectronics.X-CUBE-NFC7.pdsc
2025-08-01 21:13:02,004 [INFO] ServerAccessManage:452 - Complete download http(s) 200
2025-08-01 21:13:02,005 [INFO] ServerAccessManage:509 - Download File STMicroelectronics.X-CUBE-NFC9.pdsc
2025-08-01 21:13:04,262 [INFO] ServerAccessManage:452 - Complete download http(s) 200
2025-08-01 21:13:04,263 [INFO] ServerAccessManage:509 - Download File STMicroelectronics.X-CUBE-NFC10.pdsc
2025-08-01 21:13:07,347 [INFO] ServerAccessManage:452 - Complete download http(s) 200
2025-08-01 21:13:07,347 [INFO] ServerAccessManage:509 - Download File STMicroelectronics.X-CUBE-NFC12.pdsc
2025-08-01 21:13:10,278 [INFO] ServerAccessManage:452 - Complete download http(s) 200
2025-08-01 21:13:10,279 [INFO] ServerAccessManage:509 - Download File STMicroelectronics.X-CUBE-SFXS2LP1.pdsc
2025-08-01 21:13:16,471 [INFO] ServerAccessManage:452 - Complete download http(s) 200
2025-08-01 21:13:16,471 [INFO] ServerAccessManage:509 - Download File STMicroelectronics.X-CUBE-SAFEA1.pdsc
2025-08-01 21:13:19,056 [INFO] ServerAccessManage:452 - Complete download http(s) 200
2025-08-01 21:13:19,056 [INFO] ServerAccessManage:509 - Download File STMicroelectronics.X-CUBE-SUBG2.pdsc
2025-08-01 21:13:31,303 [INFO] ServerAccessManage:452 - Complete download http(s) 200
2025-08-01 21:13:31,303 [INFO] ServerAccessManage:509 - Download File STMicroelectronics.X-CUBE-SMBUS.pdsc
2025-08-01 21:13:33,718 [ERROR] ServerAccessManage:1212 - Problem, file not found on Server
2025-08-01 21:13:34,848 [INFO] ServerAccessManage:452 - Complete download http(s) 200
2025-08-01 21:13:34,848 [INFO] ServerAccessManage:509 - Download File STMicroelectronics.X-CUBE-ST60.pdsc
2025-08-01 21:13:38,085 [INFO] ServerAccessManage:452 - Complete download http(s) 200
2025-08-01 21:13:38,086 [INFO] ServerAccessManage:509 - Download File STMicroelectronics.X-CUBE-ST67W61.pdsc
2025-08-01 21:13:41,795 [INFO] ServerAccessManage:452 - Complete download http(s) 200
2025-08-01 21:13:41,795 [INFO] ServerAccessManage:509 - Download File STMicroelectronics.X-CUBE-PM33A1.pdsc
2025-08-01 21:13:44,779 [INFO] ServerAccessManage:452 - Complete download http(s) 200
2025-08-01 21:13:44,779 [INFO] ServerAccessManage:509 - Download File STMicroelectronics.X-CUBE-TCPP.pdsc
2025-08-01 21:13:49,067 [INFO] ServerAccessManage:452 - Complete download http(s) 200
2025-08-01 21:13:49,067 [INFO] ServerAccessManage:509 - Download File STMicroelectronics.X-CUBE-TOF1.pdsc
2025-08-01 21:14:02,298 [ERROR] ServerAccessManage:1212 - Problem, file not found on Server
2025-08-01 21:14:05,111 [INFO] ServerAccessManage:452 - Complete download http(s) 200
2025-08-01 21:14:05,112 [INFO] ServerAccessManage:509 - Download File STMicroelectronics.X-CUBE-TOUCHGFX.pdsc
2025-08-01 21:14:36,693 [INFO] ServerAccessManage:452 - Complete download http(s) 200
2025-08-01 21:14:36,694 [INFO] ServerAccessManage:509 - Download File STMicroelectronics.X-CUBE-ALGOBUILD.pdsc
2025-08-01 21:14:45,315 [INFO] ServerAccessManage:452 - Complete download http(s) 200
2025-08-01 21:14:45,315 [INFO] ServerAccessManage:509 - Download File STMicroelectronics.X-CUBE-AZRTOS-H7.pdsc
2025-08-01 21:14:58,095 [INFO] ServerAccessManage:452 - Complete download http(s) 200
2025-08-01 21:14:58,095 [INFO] ServerAccessManage:509 - Download File STMicroelectronics.X-CUBE-AZRTOS-H7RS.pdsc
2025-08-01 21:15:02,001 [INFO] ServerAccessManage:452 - Complete download http(s) 200
2025-08-01 21:15:02,001 [INFO] ServerAccessManage:509 - Download File STMicroelectronics.X-CUBE-AZRTOS-F4.pdsc
2025-08-01 21:15:05,399 [INFO] ServerAccessManage:452 - Complete download http(s) 200
2025-08-01 21:15:05,399 [INFO] ServerAccessManage:509 - Download File STMicroelectronics.X-CUBE-AZRTOS-F7.pdsc
2025-08-01 21:15:09,739 [INFO] ServerAccessManage:452 - Complete download http(s) 200
2025-08-01 21:15:09,739 [INFO] ServerAccessManage:509 - Download File STMicroelectronics.X-CUBE-AZRTOS-L4.pdsc
2025-08-01 21:15:13,723 [INFO] ServerAccessManage:452 - Complete download http(s) 200
2025-08-01 21:15:13,723 [INFO] ServerAccessManage:509 - Download File STMicroelectronics.X-CUBE-AZRTOS-L5.pdsc
2025-08-01 21:15:19,697 [INFO] ServerAccessManage:452 - Complete download http(s) 200
2025-08-01 21:15:19,697 [INFO] ServerAccessManage:509 - Download File STMicroelectronics.X-CUBE-AZRTOS-G0.pdsc
2025-08-01 21:15:22,762 [INFO] ServerAccessManage:452 - Complete download http(s) 200
2025-08-01 21:15:22,763 [INFO] ServerAccessManage:509 - Download File STMicroelectronics.X-CUBE-AZRTOS-G4.pdsc
2025-08-01 21:15:26,630 [INFO] ServerAccessManage:452 - Complete download http(s) 200
2025-08-01 21:15:26,631 [INFO] ServerAccessManage:509 - Download File STMicroelectronics.X-CUBE-AZRTOS-WB.pdsc
2025-08-01 21:15:31,204 [INFO] ServerAccessManage:452 - Complete download http(s) 200
2025-08-01 21:15:31,204 [INFO] ServerAccessManage:509 - Download File STMicroelectronics.X-CUBE-AZRTOS-WL.pdsc
2025-08-01 21:15:35,505 [INFO] ServerAccessManage:452 - Complete download http(s) 200
2025-08-01 21:15:35,506 [INFO] ServerAccessManage:509 - Download File STMicroelectronics.X-CUBE-WB05N.pdsc
2025-08-01 21:15:40,268 [INFO] ServerAccessManage:452 - Complete download http(s) 200
2025-08-01 21:15:40,268 [INFO] ServerAccessManage:509 - Download File wolfSSL.I-CUBE-wolfSSL.pdsc
2025-08-01 21:16:12,722 [ERROR] ServerAccessManage:1212 - Problem, file not found on Server
2025-08-01 21:16:14,337 [ERROR] ServerAccessManage:1212 - Problem, file not found on Server
2025-08-01 21:16:15,709 [ERROR] ServerAccessManage:1212 - Problem, file not found on Server
2025-08-01 21:16:16,260 [INFO] ServerAccessManage:452 - Complete download http(s) 200
2025-08-01 21:16:16,261 [INFO] ServerAccessManage:509 - Download File wolfSSL.I-CUBE-wolfMQTT.pdsc
2025-08-01 21:16:23,498 [ERROR] ServerAccessManage:1212 - Problem, file not found on Server
2025-08-01 21:16:24,033 [INFO] ServerAccessManage:452 - Complete download http(s) 200
2025-08-01 21:16:24,033 [INFO] ServerAccessManage:509 - Download File wolfSSL.I-CUBE-wolfTPM.pdsc
2025-08-01 21:16:32,104 [INFO] ServerAccessManage:452 - Complete download http(s) 200
2025-08-01 21:16:32,104 [INFO] ServerAccessManage:509 - Download File wolfSSL.I-CUBE-wolfSSH.pdsc
2025-08-01 21:16:42,021 [INFO] ServerAccessManage:452 - Complete download http(s) 200
2025-08-01 21:16:42,021 [INFO] ServerAccessManage:509 - Download File RealThread.X-CUBE-RT-Thread_Nano.pdsc
2025-08-01 21:16:44,080 [INFO] ServerAccessManage:452 - Complete download http(s) 200
2025-08-01 21:16:44,081 [INFO] ServerAccessManage:509 - Download File SEGGER.I-CUBE-embOS.pdsc
2025-08-01 21:16:52,595 [INFO] ServerAccessManage:452 - Complete download http(s) 200
2025-08-01 21:16:52,596 [INFO] ServerAccessManage:509 - Download File portGmbH.I-Cube-SoM-uGOAL.pdsc
2025-08-01 21:16:54,498 [ERROR] ServerAccessManage:1212 - Problem, file not found on Server
2025-08-01 21:16:54,677 [ERROR] ServerAccessManage:1212 - Problem, file not found on Server
2025-08-01 21:16:54,847 [ERROR] ServerAccessManage:1212 - Problem, file not found on Server
2025-08-01 21:16:56,157 [INFO] ServerAccessManage:452 - Complete download http(s) 200
2025-08-01 21:16:56,158 [INFO] ServerAccessManage:509 - Download File emotas.I-CUBE-CANOPEN.pdsc
2025-08-01 21:16:58,851 [INFO] ServerAccessManage:452 - Complete download http(s) 200
2025-08-01 21:16:58,852 [INFO] ServerAccessManage:509 - Download File WES.I-CUBE-Cesium.pdsc
2025-08-01 21:16:59,730 [ERROR] ServerAccessManage:1212 - Problem, file not found on Server
2025-08-01 21:17:00,083 [ERROR] ServerAccessManage:1212 - Problem, file not found on Server
2025-08-01 21:17:04,328 [INFO] ServerAccessManage:452 - Complete download http(s) 200
2025-08-01 21:17:04,329 [INFO] ServerAccessManage:509 - Download File ITTIA_DB.I-CUBE-ITTIADB.pdsc
2025-08-01 21:17:13,420 [INFO] ServerAccessManage:452 - Complete download http(s) 200
2025-08-01 21:17:13,420 [INFO] ServerAccessManage:509 - Download File Infineon.AIROC-Wi-Fi-Bluetooth-STM32.pdsc
2025-08-01 21:17:21,712 [INFO] ServerAccessManage:452 - Complete download http(s) 200
2025-08-01 21:17:21,713 [INFO] ServerAccessManage:509 - Download File Cesanta.I-CUBE-Mongoose.pdsc
2025-08-01 21:17:25,890 [INFO] ServerAccessManage:452 - Complete download http(s) 200
2025-08-01 21:17:25,890 [INFO] ServerAccessManage:509 - Download File EmbeddedOffice.I-CUBE-FS-RTOS.pdsc
2025-08-01 21:17:27,533 [INFO] ServerAccessManage:452 - Complete download http(s) 200
2025-08-01 21:17:27,533 [INFO] ServerAccessManage:509 - Download File quantropi.X-CUBE-qispace-sdk-base.pdsc
2025-08-01 21:17:29,182 [INFO] ServerAccessManage:452 - Complete download http(s) 200
2025-08-01 21:17:29,182 [INFO] ServerAccessManage:509 - Download File Avnet-IotConnect.X-CUBE-IoTC-DA16k-PMOD.pdsc
2025-08-01 21:17:30,754 [WARN] PackLoader:240 - Cannot read IP mode file for STMicroelectronics.FP-SNS-STBOX1.2.1.0
2025-08-01 21:17:30,772 [WARN] PackLoader:240 - Cannot read IP mode file for STMicroelectronics.X-CUBE-AI.10.2.0
2025-08-01 21:17:30,779 [WARN] PackLoader:240 - Cannot read IP mode file for STMicroelectronics.X-CUBE-ALS.1.0.2
2025-08-01 21:17:30,786 [WARN] PackLoader:240 - Cannot read IP mode file for STMicroelectronics.X-CUBE-BLE1.7.1.0
2025-08-01 21:17:30,792 [WARN] PackLoader:240 - Cannot read IP mode file for STMicroelectronics.X-CUBE-BLE2.3.3.0
2025-08-01 21:17:30,812 [WARN] PackLoader:240 - Cannot read IP mode file for STMicroelectronics.X-CUBE-BLEMGR.4.1.0
2025-08-01 21:17:30,835 [WARN] PackLoader:240 - Cannot read IP mode file for STMicroelectronics.X-CUBE-DISPLAY.3.0.0
2025-08-01 21:17:30,850 [WARN] PackLoader:240 - Cannot read IP mode file for STMicroelectronics.X-CUBE-DPower.1.3.0
2025-08-01 21:17:30,859 [WARN] PackLoader:240 - Cannot read IP mode file for STMicroelectronics.X-CUBE-EEPRMA1.5.2.0
2025-08-01 21:17:30,868 [WARN] PackLoader:240 - Cannot read IP mode file for STMicroelectronics.X-CUBE-FREERTOS.1.3.1
2025-08-01 21:17:30,875 [WARN] PackLoader:240 - Cannot read IP mode file for STMicroelectronics.X-CUBE-GNSS1.7.0.1
2025-08-01 21:17:30,879 [WARN] PackLoader:240 - Cannot read IP mode file for STMicroelectronics.X-CUBE-ISPU.2.1.0
2025-08-01 21:17:30,898 [WARN] PackLoader:240 - Cannot read IP mode file for STMicroelectronics.X-CUBE-IPS.3.1.0
2025-08-01 21:17:30,900 [INFO] CheckServerUpdateThread:120 - End of CheckServer Thread
2025-08-01 21:17:30,984 [WARN] PackLoader:240 - Cannot read IP mode file for STMicroelectronics.X-CUBE-MEMS1.11.3.0
2025-08-01 21:17:31,143 [WARN] PackLoader:240 - Cannot read IP mode file for STMicroelectronics.X-CUBE-NFC4.3.0.0
2025-08-01 21:17:31,150 [WARN] PackLoader:240 - Cannot read IP mode file for STMicroelectronics.X-CUBE-NFC6.3.1.0
2025-08-01 21:17:31,154 [WARN] PackLoader:240 - Cannot read IP mode file for STMicroelectronics.X-CUBE-NFC7.2.0.0
2025-08-01 21:17:31,159 [WARN] PackLoader:240 - Cannot read IP mode file for STMicroelectronics.X-CUBE-NFC9.1.0.0
2025-08-01 21:17:31,165 [WARN] PackLoader:240 - Cannot read IP mode file for STMicroelectronics.X-CUBE-NFC10.1.0.0
2025-08-01 21:17:31,170 [WARN] PackLoader:240 - Cannot read IP mode file for STMicroelectronics.X-CUBE-NFC12.1.0.0
2025-08-01 21:17:31,176 [WARN] PackLoader:240 - Cannot read IP mode file for STMicroelectronics.X-CUBE-SFXS2LP1.4.0.0
2025-08-01 21:17:31,181 [WARN] PackLoader:240 - Cannot read IP mode file for STMicroelectronics.X-CUBE-SAFEA1.1.2.2
2025-08-01 21:17:31,189 [WARN] PackLoader:240 - Cannot read IP mode file for STMicroelectronics.X-CUBE-SUBG2.5.0.0
2025-08-01 21:17:31,195 [WARN] PackLoader:240 - Cannot read IP mode file for STMicroelectronics.X-CUBE-SMBUS.2.1.0
2025-08-01 21:17:31,197 [WARN] PackLoader:240 - Cannot read IP mode file for STMicroelectronics.X-CUBE-ST60.1.0.0
2025-08-01 21:17:31,202 [WARN] PackLoader:240 - Cannot read IP mode file for STMicroelectronics.X-CUBE-ST67W61.1.0.0
2025-08-01 21:17:31,204 [WARN] PackLoader:240 - Cannot read IP mode file for STMicroelectronics.X-CUBE-PM33A1.1.0.0
2025-08-01 21:17:31,207 [WARN] PackLoader:240 - Cannot read IP mode file for STMicroelectronics.X-CUBE-TCPP.4.2.0
2025-08-01 21:17:31,217 [WARN] PackLoader:240 - Cannot read IP mode file for STMicroelectronics.X-CUBE-TOF1.3.4.3
2025-08-01 21:17:31,228 [WARN] PackLoader:240 - Cannot read IP mode file for STMicroelectronics.X-CUBE-TOUCHGFX.4.25.0
2025-08-01 21:17:31,231 [WARN] PackLoader:240 - Cannot read IP mode file for STMicroelectronics.X-CUBE-ALGOBUILD.1.4.0
2025-08-01 21:17:31,259 [WARN] PackLoader:240 - Cannot read IP mode file for STMicroelectronics.X-CUBE-AZRTOS-H7.3.4.0
2025-08-01 21:17:31,274 [WARN] PackLoader:240 - Cannot read IP mode file for STMicroelectronics.X-CUBE-AZRTOS-H7RS.1.1.0
2025-08-01 21:17:31,288 [WARN] PackLoader:240 - Cannot read IP mode file for STMicroelectronics.X-CUBE-AZRTOS-F4.1.1.0
2025-08-01 21:17:31,304 [WARN] PackLoader:240 - Cannot read IP mode file for STMicroelectronics.X-CUBE-AZRTOS-F7.1.1.0
2025-08-01 21:17:31,325 [WARN] ConditionMgr:438 - getConditionDescription Invalid condition id : LAN8742 Phy interface Condition cause : null
2025-08-01 21:17:31,326 [WARN] PackLoader:240 - Cannot read IP mode file for STMicroelectronics.X-CUBE-AZRTOS-L4.2.0.0
2025-08-01 21:17:31,327 [WARN] ConditionMgr:1044 - genDependencies : Invalid condition id : LAN8742 Phy interface Condition cause : null
2025-08-01 21:17:31,327 [WARN] ConditionMgr:1044 - genDependencies : Invalid condition id : LAN8742 Phy interface Condition cause : null
2025-08-01 21:17:31,327 [WARN] ConditionMgr:1044 - genDependencies : Invalid condition id : LAN8742 Phy interface Condition cause : null
2025-08-01 21:17:31,338 [WARN] PackLoader:240 - Cannot read IP mode file for STMicroelectronics.X-CUBE-AZRTOS-L5.2.0.0
2025-08-01 21:17:31,349 [WARN] PackLoader:240 - Cannot read IP mode file for STMicroelectronics.X-CUBE-AZRTOS-G0.1.1.0
2025-08-01 21:17:31,361 [WARN] PackLoader:240 - Cannot read IP mode file for STMicroelectronics.X-CUBE-AZRTOS-G4.2.0.0
2025-08-01 21:17:31,370 [WARN] ConditionMgr:438 - getConditionDescription Invalid condition id : UX DEVICE CLASS RTOS Condition cause : null
2025-08-01 21:17:31,371 [WARN] ConditionMgr:438 - getConditionDescription Invalid condition id : UX DEVICE CLASS RTOS Condition cause : null
2025-08-01 21:17:31,372 [WARN] PackLoader:240 - Cannot read IP mode file for STMicroelectronics.X-CUBE-AZRTOS-WB.2.0.0
2025-08-01 21:17:31,373 [WARN] ConditionMgr:1044 - genDependencies : Invalid condition id : UX DEVICE CLASS RTOS Condition cause : null
2025-08-01 21:17:31,373 [WARN] ConditionMgr:1044 - genDependencies : Invalid condition id : UX DEVICE CLASS RTOS Condition cause : null
2025-08-01 21:17:31,373 [WARN] ConditionMgr:1044 - genDependencies : Invalid condition id : UX DEVICE CLASS RTOS Condition cause : null
2025-08-01 21:17:31,373 [WARN] ConditionMgr:1044 - genDependencies : Invalid condition id : UX DEVICE CLASS RTOS Condition cause : null
2025-08-01 21:17:31,373 [WARN] ConditionMgr:1044 - genDependencies : Invalid condition id : UX DEVICE CLASS RTOS Condition cause : null
2025-08-01 21:17:31,380 [INFO] LogOutputStream:77 - [STDOUT_REDIRECT] 1 : Invalid condition id : UX_CORESTACK_Condition cause : null
2025-08-01 21:17:31,380 [INFO] LogOutputStream:77 - [STDOUT_REDIRECT] 1 : Invalid condition id : UX_CORESTACK_Condition cause : null
2025-08-01 21:17:31,380 [INFO] LogOutputStream:77 - [STDOUT_REDIRECT] 1 : Invalid condition id : UX_CORESTACK_Condition cause : null
2025-08-01 21:17:31,381 [INFO] LogOutputStream:77 - [STDOUT_REDIRECT] 1 : Invalid condition id : UX_CORESTACK_Condition cause : null
2025-08-01 21:17:31,381 [INFO] LogOutputStream:77 - [STDOUT_REDIRECT] 1 : Invalid condition id : UX_CORESTACK_Condition cause : null
2025-08-01 21:17:31,384 [WARN] PackLoader:240 - Cannot read IP mode file for STMicroelectronics.X-CUBE-AZRTOS-WL.2.0.0
2025-08-01 21:17:31,387 [WARN] PackLoader:240 - Cannot read IP mode file for STMicroelectronics.X-CUBE-WB05N.2.0.0
2025-08-01 21:17:31,389 [WARN] PackLoader:240 - Cannot read IP mode file for wolfSSL.I-CUBE-wolfSSL.5.8.2
2025-08-01 21:17:31,391 [WARN] PackLoader:240 - Cannot read IP mode file for wolfSSL.I-CUBE-wolfMQTT.1.19.2
2025-08-01 21:17:31,393 [WARN] PackLoader:240 - Cannot read IP mode file for wolfSSL.I-CUBE-wolfTPM.3.8.0
2025-08-01 21:17:31,395 [WARN] PackLoader:240 - Cannot read IP mode file for wolfSSL.I-CUBE-wolfSSH.1.4.20
2025-08-01 21:17:31,398 [WARN] PackLoader:240 - Cannot read IP mode file for RealThread.X-CUBE-RT-Thread_Nano.4.1.1
2025-08-01 21:17:31,421 [WARN] PackLoader:240 - Cannot read IP mode file for SEGGER.I-CUBE-embOS.1.3.1
2025-08-01 21:17:31,460 [WARN] PackLoader:240 - Cannot read IP mode file for portGmbH.I-Cube-SoM-uGOAL.1.1.0
2025-08-01 21:17:31,463 [WARN] PackLoader:240 - Cannot read IP mode file for emotas.I-CUBE-CANOPEN.1.3.0
2025-08-01 21:17:31,468 [WARN] PackLoader:240 - Cannot read IP mode file for WES.I-CUBE-Cesium.1.3.0
2025-08-01 21:17:31,472 [WARN] PackLoader:240 - Cannot read IP mode file for ITTIA_DB.I-CUBE-ITTIADB.8.9.0
2025-08-01 21:17:31,486 [WARN] PackLoader:240 - Cannot read IP mode file for Infineon.AIROC-Wi-Fi-Bluetooth-STM32.1.7.1
2025-08-01 21:17:31,490 [WARN] PackLoader:240 - Cannot read IP mode file for Cesanta.I-CUBE-Mongoose.7.13.0
2025-08-01 21:17:31,495 [WARN] PackLoader:240 - Cannot read IP mode file for EmbeddedOffice.I-CUBE-FS-RTOS.1.0.1
2025-08-01 21:17:31,497 [WARN] ConditionMgr:438 - getConditionDescription Invalid condition id : Cortex-A Device cause : null
2025-08-01 21:17:31,504 [WARN] ConditionMgr:1044 - genDependencies : Invalid condition id : Cortex-A Device cause : null
2025-08-01 21:17:31,504 [WARN] ConditionMgr:1044 - genDependencies : Invalid condition id : Cortex-A Device cause : null
2025-08-01 21:17:31,504 [WARN] ConditionMgr:1044 - genDependencies : Invalid condition id : Cortex-A Device cause : null
2025-08-01 21:17:31,506 [WARN] PackLoader:240 - Cannot read IP mode file for Avnet-IotConnect.X-CUBE-IoTC-DA16k-PMOD.1.0.0
2025-08-01 21:17:31,506 [INFO] PopulateThirdPartyThread:66 - Ending populate Thread
2025-08-01 21:17:31,509 [INFO] ThirdParty:1030 - CMSIS Pack Vendor :STMicroelectronics X-CUBE-PM33A1 1.0.0
2025-08-01 21:17:31,509 [INFO] ThirdParty:1030 - CMSIS Pack Vendor :STMicroelectronics X-CUBE-NFC9 1.0.0
2025-08-01 21:17:31,509 [INFO] ThirdParty:1030 - CMSIS Pack Vendor :STMicroelectronics X-CUBE-AZRTOS-F4 1.1.0
2025-08-01 21:17:31,509 [INFO] ThirdParty:1030 - CMSIS Pack Vendor :wolfSSL I-CUBE-wolfSSL 5.8.2
2025-08-01 21:17:31,509 [INFO] ThirdParty:1030 - CMSIS Pack Vendor :STMicroelectronics X-CUBE-BLE1 7.1.0
2025-08-01 21:17:31,509 [INFO] ThirdParty:1030 - CMSIS Pack Vendor :Avnet-IotConnect X-CUBE-IoTC-DA16k-PMOD 1.0.0
2025-08-01 21:17:31,509 [INFO] ThirdParty:1030 - CMSIS Pack Vendor :STMicroelectronics X-CUBE-SMBUS 2.1.0
2025-08-01 21:17:31,509 [INFO] ThirdParty:1030 - CMSIS Pack Vendor :wolfSSL I-CUBE-wolfMQTT 1.19.2
2025-08-01 21:17:31,509 [INFO] ThirdParty:1030 - CMSIS Pack Vendor :STMicroelectronics X-CUBE-ISPU 2.1.0
2025-08-01 21:17:31,509 [INFO] ThirdParty:1030 - CMSIS Pack Vendor :STMicroelectronics X-CUBE-BLEMGR 4.1.0
2025-08-01 21:17:31,509 [INFO] ThirdParty:1030 - CMSIS Pack Vendor :STMicroelectronics X-CUBE-EEPRMA1 5.2.0
2025-08-01 21:17:31,509 [INFO] ThirdParty:1030 - CMSIS Pack Vendor :STMicroelectronics X-CUBE-AZRTOS-WB 2.0.0
2025-08-01 21:17:31,509 [INFO] ThirdParty:1030 - CMSIS Pack Vendor :STMicroelectronics X-CUBE-ST60 1.0.0
2025-08-01 21:17:31,509 [INFO] ThirdParty:1030 - CMSIS Pack Vendor :STMicroelectronics X-CUBE-GNSS1 7.0.1
2025-08-01 21:17:31,509 [INFO] ThirdParty:1030 - CMSIS Pack Vendor :STMicroelectronics X-CUBE-NFC12 1.0.0
2025-08-01 21:17:31,510 [INFO] ThirdParty:1030 - CMSIS Pack Vendor :STMicroelectronics X-CUBE-TOUCHGFX 4.25.0
2025-08-01 21:17:31,510 [INFO] ThirdParty:1030 - CMSIS Pack Vendor :STMicroelectronics X-CUBE-AZRTOS-F7 1.1.0
2025-08-01 21:17:31,510 [INFO] ThirdParty:1030 - CMSIS Pack Vendor :STMicroelectronics X-CUBE-AZRTOS-L5 2.0.0
2025-08-01 21:17:31,510 [INFO] ThirdParty:1030 - CMSIS Pack Vendor :STMicroelectronics X-CUBE-NFC6 3.1.0
2025-08-01 21:17:31,510 [INFO] ThirdParty:1030 - CMSIS Pack Vendor :quantropi X-CUBE-qispace-sdk-base 2.1.0
2025-08-01 21:17:31,510 [INFO] ThirdParty:1030 - CMSIS Pack Vendor :STMicroelectronics X-CUBE-AZRTOS-G0 1.1.0
2025-08-01 21:17:31,510 [INFO] ThirdParty:1030 - CMSIS Pack Vendor :STMicroelectronics X-CUBE-NFC4 3.0.0
2025-08-01 21:17:31,510 [INFO] ThirdParty:1030 - CMSIS Pack Vendor :STMicroelectronics X-CUBE-SAFEA1 1.2.2
2025-08-01 21:17:31,510 [INFO] ThirdParty:1030 - CMSIS Pack Vendor :STMicroelectronics X-CUBE-SUBG2 5.0.0
2025-08-01 21:17:31,510 [INFO] ThirdParty:1030 - CMSIS Pack Vendor :STMicroelectronics X-CUBE-AZRTOS-H7RS 1.1.0
2025-08-01 21:17:31,510 [INFO] ThirdParty:1030 - CMSIS Pack Vendor :EmbeddedOffice I-CUBE-FS-RTOS 1.0.1
2025-08-01 21:17:31,510 [INFO] ThirdParty:1030 - CMSIS Pack Vendor :Cesanta I-CUBE-Mongoose 7.13.0
2025-08-01 21:17:31,510 [INFO] ThirdParty:1030 - CMSIS Pack Vendor :STMicroelectronics X-CUBE-AZRTOS-G4 2.0.0
2025-08-01 21:17:31,510 [INFO] ThirdParty:1030 - CMSIS Pack Vendor :Infineon AIROC-Wi-Fi-Bluetooth-STM32 1.7.1
2025-08-01 21:17:31,510 [INFO] ThirdParty:1030 - CMSIS Pack Vendor :STMicroelectronics X-CUBE-WB05N 2.0.0
2025-08-01 21:17:31,510 [INFO] ThirdParty:1030 - CMSIS Pack Vendor :wolfSSL I-CUBE-wolfTPM 3.8.0
2025-08-01 21:17:31,510 [INFO] ThirdParty:1030 - CMSIS Pack Vendor :STMicroelectronics X-CUBE-AZRTOS-H7 3.4.0
2025-08-01 21:17:31,510 [INFO] ThirdParty:1030 - CMSIS Pack Vendor :STMicroelectronics X-CUBE-DISPLAY 3.0.0
2025-08-01 21:17:31,510 [INFO] ThirdParty:1030 - CMSIS Pack Vendor :wolfSSL I-CUBE-wolfSSH 1.4.20
2025-08-01 21:17:31,511 [INFO] ThirdParty:1030 - CMSIS Pack Vendor :STMicroelectronics X-CUBE-NFC7 2.0.0
2025-08-01 21:17:31,511 [INFO] ThirdParty:1030 - CMSIS Pack Vendor :STMicroelectronics X-CUBE-TCPP 4.2.0
2025-08-01 21:17:31,511 [INFO] ThirdParty:1030 - CMSIS Pack Vendor :RealThread X-CUBE-RT-Thread_Nano 4.1.1
2025-08-01 21:17:31,511 [INFO] ThirdParty:1030 - CMSIS Pack Vendor :STMicroelectronics X-CUBE-NFC10 1.0.0
2025-08-01 21:17:31,511 [INFO] ThirdParty:1030 - CMSIS Pack Vendor :STMicroelectronics X-CUBE-FREERTOS 1.3.1
2025-08-01 21:17:31,511 [INFO] ThirdParty:1030 - CMSIS Pack Vendor :STMicroelectronics X-CUBE-ALS 1.0.2
2025-08-01 21:17:31,511 [INFO] ThirdParty:1030 - CMSIS Pack Vendor :STMicroelectronics X-CUBE-IPS 3.1.0
2025-08-01 21:17:31,511 [INFO] ThirdParty:1030 - CMSIS Pack Vendor :emotas I-CUBE-CANOPEN 1.3.0
2025-08-01 21:17:31,511 [INFO] ThirdParty:1030 - CMSIS Pack Vendor :ITTIA_DB I-CUBE-ITTIADB 8.9.0
2025-08-01 21:17:31,512 [INFO] ThirdParty:1030 - CMSIS Pack Vendor :portGmbH I-Cube-SoM-uGOAL 1.1.0
2025-08-01 21:17:31,512 [INFO] ThirdParty:1030 - CMSIS Pack Vendor :STMicroelectronics X-CUBE-ST67W61 1.0.0
2025-08-01 21:17:31,512 [INFO] ThirdParty:1030 - CMSIS Pack Vendor :STMicroelectronics FP-SNS-STBOX1 2.1.0
2025-08-01 21:17:31,512 [INFO] ThirdParty:1030 - CMSIS Pack Vendor :STMicroelectronics X-CUBE-AI 10.2.0
2025-08-01 21:17:31,512 [INFO] ThirdParty:1030 - CMSIS Pack Vendor :STMicroelectronics X-CUBE-AZRTOS-WL 2.0.0
2025-08-01 21:17:31,512 [INFO] ThirdParty:1030 - CMSIS Pack Vendor :SEGGER I-CUBE-embOS 1.3.1
2025-08-01 21:17:31,512 [INFO] ThirdParty:1030 - CMSIS Pack Vendor :STMicroelectronics X-CUBE-DPower 1.3.0
2025-08-01 21:17:31,512 [INFO] ThirdParty:1030 - CMSIS Pack Vendor :STMicroelectronics X-CUBE-ALGOBUILD 1.4.0
2025-08-01 21:17:31,512 [INFO] ThirdParty:1030 - CMSIS Pack Vendor :STMicroelectronics X-CUBE-MEMS1 11.3.0
2025-08-01 21:17:31,512 [INFO] ThirdParty:1030 - CMSIS Pack Vendor :STMicroelectronics X-CUBE-AZRTOS-L4 2.0.0
2025-08-01 21:17:31,512 [INFO] ThirdParty:1030 - CMSIS Pack Vendor :WES I-CUBE-Cesium 1.3.0
2025-08-01 21:17:31,512 [INFO] ThirdParty:1030 - CMSIS Pack Vendor :STMicroelectronics X-CUBE-SFXS2LP1 4.0.0
2025-08-01 21:17:31,512 [INFO] ThirdParty:1030 - CMSIS Pack Vendor :STMicroelectronics X-CUBE-BLE2 3.3.0
2025-08-01 21:17:31,512 [INFO] ThirdParty:1030 - CMSIS Pack Vendor :STMicroelectronics X-CUBE-TOF1 3.4.3
2025-08-01 21:17:31,513 [INFO] LoadServerUpdatesThread:375 - End of LoadServerUpdate Thread
2025-08-01 21:27:48,236 [INFO] WebApp:194 - Connection lost
2025-08-01 21:27:49,270 [INFO] WebApp:191 - Connection restablished
2025-08-01 21:36:05,134 [INFO] WebApp:194 - Connection lost
2025-08-01 21:36:05,502 [INFO] WebApp:191 - Connection restablished
2025-08-01 21:38:08,642 [INFO] WebApp:194 - Connection lost
2025-08-01 21:38:09,421 [INFO] WebApp:191 - Connection restablished
2025-08-01 21:42:43,345 [INFO] WebApp:194 - Connection lost
2025-08-01 21:42:44,414 [INFO] WebApp:191 - Connection restablished
2025-08-01 21:43:38,457 [INFO] WebApp:194 - Connection lost
2025-08-01 21:43:39,610 [INFO] WebApp:191 - Connection restablished
2025-08-01 22:28:12,646 [INFO] WebApp:194 - Connection lost
2025-08-01 22:28:13,725 [INFO] WebApp:191 - Connection restablished
2025-08-01 22:31:09,856 [INFO] WebApp:194 - Connection lost
2025-08-01 22:31:10,870 [INFO] WebApp:191 - Connection restablished
2025-08-01 22:42:43,119 [INFO] WebApp:194 - Connection lost
2025-08-01 22:42:48,709 [INFO] WebApp:191 - Connection restablished
2025-08-01 22:46:03,188 [INFO] WebApp:194 - Connection lost
2025-08-01 22:46:04,148 [INFO] WebApp:191 - Connection restablished
2025-08-01 23:10:52,157 [INFO] WebApp:194 - Connection lost
2025-08-01 23:10:53,064 [INFO] WebApp:191 - Connection restablished
